<?xml version="1.0" encoding="UTF-8"?>
<testsuite xmlns:xsi="http://www.w3.org/2001/XMLSchema-instance" xsi:noNamespaceSchemaLocation="https://maven.apache.org/surefire/maven-surefire-plugin/xsd/surefire-test-report-3.0.xsd" version="3.0" name="com.squareedgesports.service.EmailServiceTest" time="0.494" tests="18" errors="0" skipped="0" failures="0">
  <properties>
[...]
</properties>
  <testcase name="sendCourtAssignment_emailDisabled_doesNotSendEmail" classname="com.squareedgesports.service.EmailServiceTest" time="0.136">
    <system-out><![CDATA[00:07:54.002 [main] INFO com.squareedgesports.service.EmailService -- Court assignment for test@example.com: lane=2 court=null
]]></system-out>
  </testcase>
  <testcase name="sendPasswordResetEmail_emailEnabled_sendsMail" classname="com.squareedgesports.service.EmailServiceTest" time="0.199">
    <system-out><![CDATA[00:07:54.210 [main] INFO com.squareedgesports.service.EmailService -- Email sent to test@example.com – SquareEdgeSports – Password Reset Request
]]></system-out>
  </testcase>
  <testcase name="sendAdminInviteEmail_emailDisabled_doesNotSendEmail" classname="com.squareedgesports.service.EmailServiceTest" time="0.002">
    <system-out><![CDATA[00:07:54.212 [main] INFO com.squareedgesports.service.EmailService -- Admin invite token for admin@example.com: invite-token
]]></system-out>
  </testcase>
  <testcase name="sendEmailChangeOtp_emailDisabled_doesNotSendEmail" classname="com.squareedgesports.service.EmailServiceTest" time="0.002">
    <system-out><![CDATA[00:07:54.215 [main] INFO com.squareedgesports.service.EmailService -- Email change OTP for test@example.com: 654321
]]></system-out>
  </testcase>
  <testcase name="sendRefundConfirmation_emailDisabled_doesNotSendEmail" classname="com.squareedgesports.service.EmailServiceTest" time="0.002">
    <system-out><![CDATA[00:07:54.218 [main] INFO com.squareedgesports.service.EmailService -- Refund confirmation for test@example.com: policy=FULL amount=300
]]></system-out>
  </testcase>
  <testcase name="sendOtp_emailDisabled_doesNotSendEmail" classname="com.squareedgesports.service.EmailServiceTest" time="0.002">
    <system-out><![CDATA[00:07:54.220 [main] INFO com.squareedgesports.service.EmailService -- Email disabled – OTP for test@example.com: 123456
]]></system-out>
  </testcase>
  <testcase name="sendMembershipActivation_emailDisabled_doesNotSendEmail" classname="com.squareedgesports.service.EmailServiceTest" time="0.004">
    <system-out><![CDATA[00:07:54.226 [main] INFO com.squareedgesports.service.EmailService -- Membership activation for test@example.com: sport=PICKLEBALL
]]></system-out>
  </testcase>
  <testcase name="sendEmailChangeOtp_emailEnabled_sendsMail" classname="com.squareedgesports.service.EmailServiceTest" time="0.011">
    <system-out><![CDATA[00:07:54.238 [main] INFO com.squareedgesports.service.EmailService -- Email sent to newemail@example.com – SquareEdgeSports – Verify Your New Email
]]></system-out>
  </testcase>
  <testcase name="sendBookingConfirmation_emailEnabled_sendsMail" classname="com.squareedgesports.service.EmailServiceTest" time="0.013">
    <system-out><![CDATA[00:07:54.252 [main] INFO com.squareedgesports.service.EmailService -- Email sent to test@example.com – SquareEdgeSports – Booking Confirmed #BK-123
]]></system-out>
  </testcase>
  <testcase name="sendMembershipActivation_emailEnabled_sendsMail" classname="com.squareedgesports.service.EmailServiceTest" time="0.018">
    <system-out><![CDATA[00:07:54.269 [main] INFO com.squareedgesports.service.EmailService -- Email sent to test@example.com – SquareEdgeSports – 🏏 Cricket Lane Membership Activated!
]]></system-out>
  </testcase>
  <testcase name="sendNoRefundNotification_emailEnabled_sendsMail" classname="com.squareedgesports.service.EmailServiceTest" time="0.014">
    <system-out><![CDATA[00:07:54.284 [main] INFO com.squareedgesports.service.EmailService -- Email sent to test@example.com – SquareEdgeSports – Cancellation Notice for 2025-06-01
]]></system-out>
  </testcase>
  <testcase name="sendCourtAssignment_emailEnabled_sendsMail" classname="com.squareedgesports.service.EmailServiceTest" time="0.016">
    <system-out><![CDATA[00:07:54.301 [main] INFO com.squareedgesports.service.EmailService -- Email sent to test@example.com – SquareEdgeSports – Court Assigned for 2025-06-01
]]></system-out>
  </testcase>
  <testcase name="sendRefundConfirmation_emailEnabled_sendsMail" classname="com.squareedgesports.service.EmailServiceTest" time="0.014">
    <system-out><![CDATA[00:07:54.316 [main] INFO com.squareedgesports.service.EmailService -- Email sent to test@example.com – SquareEdgeSports – Refund Processed for 2025-06-01
]]></system-out>
  </testcase>
  <testcase name="sendPasswordResetEmail_emailDisabled_doesNotSendEmail" classname="com.squareedgesports.service.EmailServiceTest" time="0.002">
    <system-out><![CDATA[00:07:54.318 [main] INFO com.squareedgesports.service.EmailService -- Password reset token for test@example.com: reset-token-uuid
]]></system-out>
  </testcase>
  <testcase name="sendNoRefundNotification_emailDisabled_doesNotSendEmail" classname="com.squareedgesports.service.EmailServiceTest" time="0.002">
    <system-out><![CDATA[00:07:54.321 [main] INFO com.squareedgesports.service.EmailService -- No-refund notification for test@example.com: sport=BOX_CRICKET date=2025-06-01
]]></system-out>
  </testcase>
  <testcase name="sendAdminInviteEmail_emailEnabled_sendsMail" classname="com.squareedgesports.service.EmailServiceTest" time="0.013">
    <system-out><![CDATA[00:07:54.335 [main] INFO com.squareedgesports.service.EmailService -- Email sent to admin@example.com – SquareEdgeSports – You've Been Invited
]]></system-out>
  </testcase>
  <testcase name="sendOtp_mailSenderThrowsException_doesNotPropagateException" classname="com.squareedgesports.service.EmailServiceTest" time="0.011">
    <system-out><![CDATA[00:07:54.344 [main] ERROR com.squareedgesports.service.EmailService -- Failed to send email to test@example.com
java.lang.RuntimeException: SMTP failure
	at com.squareedgesports.service.EmailService.sendHtml(EmailService.java:211)
	at com.squareedgesports.service.EmailService.sendOtp(EmailService.java:23)
	at com.squareedgesports.service.EmailServiceTest.sendOtp_mailSenderThrowsException_doesNotPropagateException(EmailServiceTest.java:216)
	at java.base/jdk.internal.reflect.DirectMethodHandleAccessor.invoke(DirectMethodHandleAccessor.java:103)
	at java.base/java.lang.reflect.Method.invoke(Method.java:580)
	at org.junit.platform.commons.util.ReflectionUtils.invokeMethod(ReflectionUtils.java:728)
	at org.junit.jupiter.engine.execution.MethodInvocation.proceed(MethodInvocation.java:60)
	at org.junit.jupiter.engine.execution.InvocationInterceptorChain$ValidatingInvocation.proceed(InvocationInterceptorChain.java:131)
	at org.junit.jupiter.engine.extension.TimeoutExtension.intercept(TimeoutExtension.java:156)
	at org.junit.jupiter.engine.extension.TimeoutExtension.interceptTestableMethod(TimeoutExtension.java:147)
	at org.junit.jupiter.engine.extension.TimeoutExtension.interceptTestMethod(TimeoutExtension.java:86)
	at org.junit.jupiter.engine.execution.InterceptingExecutableInvoker$ReflectiveInterceptorCall.lambda$ofVoidMethod$0(InterceptingExecutableInvoker.java:103)
	at org.junit.jupiter.engine.execution.InterceptingExecutableInvoker.lambda$invoke$0(InterceptingExecutableInvoker.java:93)
	at org.junit.jupiter.engine.execution.InvocationInterceptorChain$InterceptedInvocation.proceed(InvocationInterceptorChain.java:106)
	at org.junit.jupiter.engine.execution.InvocationInterceptorChain.proceed(InvocationInterceptorChain.java:64)
	at org.junit.jupiter.engine.execution.InvocationInterceptorChain.chainAndInvoke(InvocationInterceptorChain.java:45)
	at org.junit.jupiter.engine.execution.InvocationInterceptorChain.invoke(InvocationInterceptorChain.java:37)
	at org.junit.jupiter.engine.execution.InterceptingExecutableInvoker.invoke(InterceptingExecutableInvoker.java:92)
	at org.junit.jupiter.engine.execution.InterceptingExecutableInvoker.invoke(InterceptingExecutableInvoker.java:86)
	at org.junit.jupiter.engine.descriptor.TestMethodTestDescriptor.lambda$invokeTestMethod$7(TestMethodTestDescriptor.java:218)
	at org.junit.platform.engine.support.hierarchical.ThrowableCollector.execute(ThrowableCollector.java:73)
	at org.junit.jupiter.engine.descriptor.TestMethodTestDescriptor.invokeTestMethod(TestMethodTestDescriptor.java:214)
	at org.junit.jupiter.engine.descriptor.TestMethodTestDescriptor.execute(TestMethodTestDescriptor.java:139)
	at org.junit.jupiter.engine.descriptor.TestMethodTestDescriptor.execute(TestMethodTestDescriptor.java:69)
	at org.junit.platform.engine.support.hierarchical.NodeTestTask.lambda$executeRecursively$6(NodeTestTask.java:151)
	at org.junit.platform.engine.support.hierarchical.ThrowableCollector.execute(ThrowableCollector.java:73)
	at org.junit.platform.engine.support.hierarchical.NodeTestTask.lambda$executeRecursively$8(NodeTestTask.java:141)
	at org.junit.platform.engine.support.hierarchical.Node.around(Node.java:137)
	at org.junit.platform.engine.support.hierarchical.NodeTestTask.lambda$executeRecursively$9(NodeTestTask.java:139)
	at org.junit.platform.engine.support.hierarchical.ThrowableCollector.execute(ThrowableCollector.java:73)
	at org.junit.platform.engine.support.hierarchical.NodeTestTask.executeRecursively(NodeTestTask.java:138)
	at org.junit.platform.engine.support.hierarchical.NodeTestTask.execute(NodeTestTask.java:95)
	at java.base/java.util.ArrayList.forEach(ArrayList.java:1596)
	at org.junit.platform.engine.support.hierarchical.SameThreadHierarchicalTestExecutorService.invokeAll(SameThreadHierarchicalTestExecutorService.java:41)
	at org.junit.platform.engine.support.hierarchical.NodeTestTask.lambda$executeRecursively$6(NodeTestTask.java:155)
	at org.junit.platform.engine.support.hierarchical.ThrowableCollector.execute(ThrowableCollector.java:73)
	at org.junit.platform.engine.support.hierarchical.NodeTestTask.lambda$executeRecursively$8(NodeTestTask.java:141)
	at org.junit.platform.engine.support.hierarchical.Node.around(Node.java:137)
	at org.junit.platform.engine.support.hierarchical.NodeTestTask.lambda$executeRecursively$9(NodeTestTask.java:139)
	at org.junit.platform.engine.support.hierarchical.ThrowableCollector.execute(ThrowableCollector.java:73)
	at org.junit.platform.engine.support.hierarchical.NodeTestTask.executeRecursively(NodeTestTask.java:138)
	at org.junit.platform.engine.support.hierarchical.NodeTestTask.execute(NodeTestTask.java:95)
	at java.base/java.util.ArrayList.forEach(ArrayList.java:1596)
	at org.junit.platform.engine.support.hierarchical.SameThreadHierarchicalTestExecutorService.invokeAll(SameThreadHierarchicalTestExecutorService.java:41)
	at org.junit.platform.engine.support.hierarchical.NodeTestTask.lambda$executeRecursively$6(NodeTestTask.java:155)
	at org.junit.platform.engine.support.hierarchical.ThrowableCollector.execute(ThrowableCollector.java:73)
	at org.junit.platform.engine.support.hierarchical.NodeTestTask.lambda$executeRecursively$8(NodeTestTask.java:141)
	at org.junit.platform.engine.support.hierarchical.Node.around(Node.java:137)
	at org.junit.platform.engine.support.hierarchical.NodeTestTask.lambda$executeRecursively$9(NodeTestTask.java:139)
	at org.junit.platform.engine.support.hierarchical.ThrowableCollector.execute(ThrowableCollector.java:73)
	at org.junit.platform.engine.support.hierarchical.NodeTestTask.executeRecursively(NodeTestTask.java:138)
	at org.junit.platform.engine.support.hierarchical.NodeTestTask.execute(NodeTestTask.java:95)
	at org.junit.platform.engine.support.hierarchical.SameThreadHierarchicalTestExecutorService.submit(SameThreadHierarchicalTestExecutorService.java:35)
	at org.junit.platform.engine.support.hierarchical.HierarchicalTestExecutor.execute(HierarchicalTestExecutor.java:57)
	at org.junit.platform.engine.support.hierarchical.HierarchicalTestEngine.execute(HierarchicalTestEngine.java:54)
	at org.junit.platform.launcher.core.EngineExecutionOrchestrator.execute(EngineExecutionOrchestrator.java:198)
	at org.junit.platform.launcher.core.EngineExecutionOrchestrator.execute(EngineExecutionOrchestrator.java:169)
	at org.junit.platform.launcher.core.EngineExecutionOrchestrator.execute(EngineExecutionOrchestrator.java:93)
	at org.junit.platform.launcher.core.EngineExecutionOrchestrator.lambda$execute$0(EngineExecutionOrchestrator.java:58)
	at org.junit.platform.launcher.core.EngineExecutionOrchestrator.withInterceptedStreams(EngineExecutionOrchestrator.java:141)
	at org.junit.platform.launcher.core.EngineExecutionOrchestrator.execute(EngineExecutionOrchestrator.java:57)
	at org.junit.platform.launcher.core.DefaultLauncher.execute(DefaultLauncher.java:103)
	at org.junit.platform.launcher.core.DefaultLauncher.execute(DefaultLauncher.java:85)
	at org.junit.platform.launcher.core.DelegatingLauncher.execute(DelegatingLauncher.java:47)
	at org.apache.maven.surefire.junitplatform.LazyLauncher.execute(LazyLauncher.java:56)
	at org.apache.maven.surefire.junitplatform.JUnitPlatformProvider.execute(JUnitPlatformProvider.java:184)
	at org.apache.maven.surefire.junitplatform.JUnitPlatformProvider.invokeAllTests(JUnitPlatformProvider.java:148)
	at org.apache.maven.surefire.junitplatform.JUnitPlatformProvider.invoke(JUnitPlatformProvider.java:122)
	at org.apache.maven.surefire.booter.ForkedBooter.runSuitesInProcess(ForkedBooter.java:385)
	at org.apache.maven.surefire.booter.ForkedBooter.execute(ForkedBooter.java:162)
	at org.apache.maven.surefire.booter.ForkedBooter.run(ForkedBooter.java:507)
	at org.apache.maven.surefire.booter.ForkedBooter.main(ForkedBooter.java:495)
]]></system-out>
  </testcase>
  <testcase name="sendOtp_emailEnabled_createsMimeMessageAndSends" classname="com.squareedgesports.service.EmailServiceTest" time="0.017">
    <system-out><![CDATA[00:07:54.364 [main] INFO com.squareedgesports.service.EmailService -- Email sent to test@example.com – SquareEdgeSports – Email Verification Code
]]></system-out>
  </testcase>
</testsuite>